<?xml version="1.0" encoding="UTF-8"?>
<!-- Generated by org.testng.reporters.JUnitXMLReporter -->
<testsuite hostname="FILT183" ignored="5" name="Test" tests="3" failures="0" timestamp="20 Jan 2020 13:42:56 GMT" time="0.73" errors="0">
  <testcase name="tc1" time="0.21" classname="testNGTest.GroupTest"/>
  <testcase name="tc2" time="0.004" classname="testNGTest.GroupTest"/>
  <testcase name="tc3" time="0.005" classname="testNGTest.GroupTest"/>
  <testcase name="tc5" time="0.0" classname="testNGTest.GroupTest">
    <ignored/>
  </testcase> <!-- tc5 -->
  <testcase name="tc4" time="0.0" classname="testNGTest.GroupTest">
    <ignored/>
  </testcase> <!-- tc4 -->
  <testcase name="tc7" time="0.0" classname="testNGTest.GroupTest">
    <ignored/>
  </testcase> <!-- tc7 -->
  <testcase name="tc6" time="0.0" classname="testNGTest.GroupTest">
    <ignored/>
  </testcase> <!-- tc6 -->
  <testcase name="tc8" time="0.0" classname="testNGTest.GroupTest">
    <ignored/>
  </testcase> <!-- tc8 -->
</testsuite> <!-- Test -->
