<?xml version="1.0" encoding="UTF-8"?>
<testsuite xmlns:xsi="http://www.w3.org/2001/XMLSchema-instance" xsi:noNamespaceSchemaLocation="https://maven.apache.org/surefire/maven-surefire-plugin/xsd/surefire-test-report-3.0.xsd" version="3.0" name="TestSuite" time="4.516" tests="3" errors="0" skipped="0" failures="0">
  <properties>
[...]
</properties>
  <testcase name="tc1" classname="testNGTest.GroupTest" time="0.209"/>
  <testcase name="tc2" classname="testNGTest.GroupTest" time="0.003"/>
  <testcase name="tc3" classname="testNGTest.GroupTest" time="0.001"/>
</testsuite>