<?xml version="1.0" encoding="UTF-8"?>
<!-- Generated by org.testng.reporters.JUnitXMLReporter -->
<testsuite hostname="FILT183" name="Default test" tests="13" failures="0" timestamp="30 Jan 2020 06:15:09 GMT" time="179.491" errors="0">
  <testcase name="verifyCreatePayment" time="59.984" classname="com.indocs_CIDS.tests.TC_1_TradeCycle"/>
  <testcase name="verifyApprovePayment" time="8.048" classname="com.indocs_CIDS.tests.TC_1_TradeCycle"/>
  <testcase name="verifyOpsReviewMakerTest" time="12.774" classname="com.indocs_CIDS.tests.TC_1_TradeCycle"/>
  <testcase name="verifyOpsReviewMaker2Test" time="11.994" classname="com.indocs_CIDS.tests.TC_1_TradeCycle"/>
  <testcase name="verifyOpsReviewChecker" time="11.902" classname="com.indocs_CIDS.tests.TC_1_TradeCycle"/>
  <testcase name="verifyMakerPaymentFunding" time="11.754" classname="com.indocs_CIDS.tests.TC_1_TradeCycle"/>
  <testcase name="verifyCheckerPaymentFunding" time="8.378" classname="com.indocs_CIDS.tests.TC_1_TradeCycle"/>
  <testcase name="creat_Trade_GPS" time="0.913" classname="com.indocs_CIDS.tests.TC_1_TradeCycle"/>
  <testcase name="Verify_SDS_Maker" time="8.548" classname="com.indocs_CIDS.tests.TC_1_TradeCycle"/>
  <testcase name="Verify_SDS_Checker" time="9.416" classname="com.indocs_CIDS.tests.TC_1_TradeCycle"/>
  <testcase name="Verify_Aries_Cancelation" time="8.176" classname="com.indocs_CIDS.tests.TC_1_TradeCycle"/>
  <testcase name="Verify_Payment_Reg_Maker" time="13.084" classname="com.indocs_CIDS.tests.TC_1_TradeCycle"/>
  <testcase name="Verify_Payment_Reg_Checker" time="9.358" classname="com.indocs_CIDS.tests.TC_1_TradeCycle"/>
</testsuite> <!-- Default test -->
