<?xml version="1.0" encoding="UTF-8"?>
<!-- Generated by org.testng.reporters.JUnitXMLReporter -->
<testsuite hostname="FILT183" name="Default test" tests="7" failures="0" timestamp="30 Jan 2020 12:31:31 GMT" time="65.614" errors="0">
  <testcase name="Verify_Data_Entry" time="13.899" classname="com.ipts.test.TC_2_IPTS_Cycle"/>
  <testcase name="Verify_Data_Verification" time="13.941" classname="com.ipts.test.TC_2_IPTS_Cycle"/>
  <testcase name="Verify_Generate_Pay_Batch" time="4.126" classname="com.ipts.test.TC_2_IPTS_Cycle"/>
  <testcase name="Verify_Update_OFAC_Expotr_Query" time="1.087" classname="com.ipts.test.TC_2_IPTS_Cycle"/>
  <testcase name="Verify_PayBat_Reg" time="5.889" classname="com.ipts.test.TC_2_IPTS_Cycle"/>
  <testcase name="Verify_PayBat_Checker" time="4.024" classname="com.ipts.test.TC_2_IPTS_Cycle"/>
  <testcase name="Verify_Query_Report" time="4.958" classname="com.ipts.test.TC_2_IPTS_Cycle"/>
</testsuite> <!-- Default test -->
